2020-05-09 04:37:49.883  INFO 36124 --- [restartedMain] com.sbc.ReactJsResTfulApiApplication     : Starting ReactJsResTfulApiApplication on DESKTOP-GIF3KIJ with PID 36124 (C:\Users\suny4\eclipse-workspace\ReactJS_RESTfulAPI\target\classes started by suny4 in C:\Users\suny4\eclipse-workspace\ReactJS_RESTfulAPI)
2020-05-09 04:37:49.897  INFO 36124 --- [restartedMain] com.sbc.ReactJsResTfulApiApplication     : No active profile set, falling back to default profiles: default
2020-05-09 04:37:50.007  INFO 36124 --- [restartedMain] .e.DevToolsPropertyDefaultsPostProcessor : Devtools property defaults active! Set 'spring.devtools.add-properties' to 'false' to disable
2020-05-09 04:37:50.033  INFO 36124 --- [restartedMain] .e.DevToolsPropertyDefaultsPostProcessor : For additional web related logging consider setting the 'logging.level.web' property to 'DEBUG'
2020-05-09 04:37:52.047  INFO 36124 --- [restartedMain] .s.d.r.c.RepositoryConfigurationDelegate : Bootstrapping Spring Data repositories in DEFAULT mode.
2020-05-09 04:37:52.248  INFO 36124 --- [restartedMain] .s.d.r.c.RepositoryConfigurationDelegate : Finished Spring Data repository scanning in 187ms. Found 9 repository interfaces.
2020-05-09 04:37:53.229  INFO 36124 --- [restartedMain] trationDelegate$BeanPostProcessorChecker : Bean 'org.springframework.transaction.annotation.ProxyTransactionManagementConfiguration' of type [org.springframework.transaction.annotation.ProxyTransactionManagementConfiguration$$EnhancerBySpringCGLIB$$7f1f06] is not eligible for getting processed by all BeanPostProcessors (for example: not eligible for auto-proxying)
2020-05-09 04:37:53.305  INFO 36124 --- [restartedMain] trationDelegate$BeanPostProcessorChecker : Bean 'org.springframework.security.config.annotation.configuration.ObjectPostProcessorConfiguration' of type [org.springframework.security.config.annotation.configuration.ObjectPostProcessorConfiguration$$EnhancerBySpringCGLIB$$992ce740] is not eligible for getting processed by all BeanPostProcessors (for example: not eligible for auto-proxying)
2020-05-09 04:37:53.316  INFO 36124 --- [restartedMain] trationDelegate$BeanPostProcessorChecker : Bean 'objectPostProcessor' of type [org.springframework.security.config.annotation.configuration.AutowireBeanFactoryObjectPostProcessor] is not eligible for getting processed by all BeanPostProcessors (for example: not eligible for auto-proxying)
2020-05-09 04:37:53.319  INFO 36124 --- [restartedMain] trationDelegate$BeanPostProcessorChecker : Bean 'org.springframework.security.access.expression.method.DefaultMethodSecurityExpressionHandler@51b7f048' of type [org.springframework.security.access.expression.method.DefaultMethodSecurityExpressionHandler] is not eligible for getting processed by all BeanPostProcessors (for example: not eligible for auto-proxying)
2020-05-09 04:37:53.324  INFO 36124 --- [restartedMain] trationDelegate$BeanPostProcessorChecker : Bean 'org.springframework.security.config.annotation.method.configuration.GlobalMethodSecurityConfiguration' of type [org.springframework.security.config.annotation.method.configuration.GlobalMethodSecurityConfiguration$$EnhancerBySpringCGLIB$$be0189f2] is not eligible for getting processed by all BeanPostProcessors (for example: not eligible for auto-proxying)
2020-05-09 04:37:53.330  INFO 36124 --- [restartedMain] trationDelegate$BeanPostProcessorChecker : Bean 'methodSecurityMetadataSource' of type [org.springframework.security.access.method.DelegatingMethodSecurityMetadataSource] is not eligible for getting processed by all BeanPostProcessors (for example: not eligible for auto-proxying)
2020-05-09 04:37:53.375  INFO 36124 --- [restartedMain] trationDelegate$BeanPostProcessorChecker : Bean 'org.springframework.hateoas.config.HateoasConfiguration' of type [org.springframework.hateoas.config.HateoasConfiguration$$EnhancerBySpringCGLIB$$7fff6c38] is not eligible for getting processed by all BeanPostProcessors (for example: not eligible for auto-proxying)
2020-05-09 04:37:54.494  INFO 36124 --- [restartedMain] o.s.b.w.embedded.tomcat.TomcatWebServer  : Tomcat initialized with port(s): 8080 (http)
2020-05-09 04:37:54.577  INFO 36124 --- [restartedMain] o.apache.catalina.core.StandardService   : Starting service [Tomcat]
2020-05-09 04:37:54.578  INFO 36124 --- [restartedMain] org.apache.catalina.core.StandardEngine  : Starting Servlet Engine: Apache Tomcat/9.0.12
2020-05-09 04:37:54.612  INFO 36124 --- [restartedMain] o.a.catalina.core.AprLifecycleListener   : The APR based Apache Tomcat Native library which allows optimal performance in production environments was not found on the java.library.path: [C:\Program Files\Java\jre1.8.0_202\bin;C:\WINDOWS\Sun\Java\bin;C:\WINDOWS\system32;C:\WINDOWS;C:/Program Files/Java/jre1.8.0_202/bin/server;C:/Program Files/Java/jre1.8.0_202/bin;C:/Program Files/Java/jre1.8.0_202/lib/amd64;C:\Python27\;C:\Python27\Scripts;C:\Users\suny4\OracleDB_Home\bin;C:\Program Files (x86)\Common Files\Oracle\Java\javapath;C:\WINDOWS\system32;C:\WINDOWS;C:\WINDOWS\System32\Wbem;C:\WINDOWS\System32\WindowsPowerShell\v1.0\;C:\WINDOWS\System32\OpenSSH\;C:\Program Files\Java\jdk1.8.0_202\bin;C:\Users\suny4\Downloads\apache-maven-3.6.0-bin\apache-maven-3.6.0\bin;C:\Program Files\nodejs\;C:\ProgramData\chocolatey\bin;C:\Users\suny4\AppData\Local\Microsoft\WindowsApps;C:\Users\suny4\AppData\Local\atom\bin;C:\Users\suny4\AppData\Roaming\npm;%USERPROFILE%\AppData\Local\Microsoft\WindowsApps;;C:\Users\suny4\Downloads\eclipse-jee-2018-12-R-win32-x86_64\eclipse;;.]
2020-05-09 04:37:54.945  INFO 36124 --- [restartedMain] o.a.c.c.C.[Tomcat].[localhost].[/]       : Initializing Spring embedded WebApplicationContext
2020-05-09 04:37:54.945  INFO 36124 --- [restartedMain] o.s.web.context.ContextLoader            : Root WebApplicationContext: initialization completed in 4911 ms
2020-05-09 04:37:55.458  INFO 36124 --- [restartedMain] com.zaxxer.hikari.HikariDataSource       : HikariPool-1 - Starting...
2020-05-09 04:37:56.555  INFO 36124 --- [restartedMain] com.zaxxer.hikari.HikariDataSource       : HikariPool-1 - Start completed.
2020-05-09 04:37:56.736  INFO 36124 --- [restartedMain] o.hibernate.jpa.internal.util.LogHelper  : HHH000204: Processing PersistenceUnitInfo [
	name: default
	...]
2020-05-09 04:37:56.971  INFO 36124 --- [restartedMain] org.hibernate.Version                    : HHH000412: Hibernate Core {5.3.7.Final}
2020-05-09 04:37:56.974  INFO 36124 --- [restartedMain] org.hibernate.cfg.Environment            : HHH000206: hibernate.properties not found
2020-05-09 04:37:57.177  INFO 36124 --- [restartedMain] o.hibernate.annotations.common.Version   : HCANN000001: Hibernate Commons Annotations {5.0.4.Final}
2020-05-09 04:37:57.573  INFO 36124 --- [restartedMain] org.hibernate.dialect.Dialect            : HHH000400: Using dialect: org.hibernate.dialect.MySQL5InnoDBDialect
2020-05-09 04:37:59.037  INFO 36124 --- [restartedMain] j.LocalContainerEntityManagerFactoryBean : Initialized JPA EntityManagerFactory for persistence unit 'default'
2020-05-09 04:38:00.455  INFO 36124 --- [restartedMain] com.sbc.config.security.SecurityConfig   : inside getPasswordEncoder()
2020-05-09 04:38:00.694  INFO 36124 --- [restartedMain] com.sbc.config.security.SecurityConfig   : 
B-encrypted value of 'password' is $2a$10$wIhK31afkGeG.2HDhGg.9.f2C7Uj/FO1q1/Qgn7QnFcFFfKCgEbRG

2020-05-09 04:38:00.759  INFO 36124 --- [restartedMain] o.s.b.w.servlet.FilterRegistrationBean   : Mapping filter: 'characterEncodingFilter' to: [/*]
2020-05-09 04:38:00.759  INFO 36124 --- [restartedMain] o.s.b.w.servlet.FilterRegistrationBean   : Mapping filter: 'hiddenHttpMethodFilter' to: [/*]
2020-05-09 04:38:00.760  INFO 36124 --- [restartedMain] o.s.b.w.servlet.FilterRegistrationBean   : Mapping filter: 'formContentFilter' to: [/*]
2020-05-09 04:38:00.760  INFO 36124 --- [restartedMain] o.s.b.w.servlet.FilterRegistrationBean   : Mapping filter: 'requestContextFilter' to: [/*]
2020-05-09 04:38:00.799  INFO 36124 --- [restartedMain] .s.DelegatingFilterProxyRegistrationBean : Mapping filter: 'springSecurityFilterChain' to: [/*]
2020-05-09 04:38:00.799  INFO 36124 --- [restartedMain] o.s.b.w.servlet.FilterRegistrationBean   : Mapping filter: 'JWTRequestFilter' to: [/*]
2020-05-09 04:38:00.799  INFO 36124 --- [restartedMain] o.s.b.w.servlet.FilterRegistrationBean   : Mapping filter: 'corsFilter' to: [/*]
2020-05-09 04:38:00.800  INFO 36124 --- [restartedMain] o.s.b.w.servlet.ServletRegistrationBean  : Servlet dispatcherServlet mapped to [/]
2020-05-09 04:38:01.510  INFO 36124 --- [restartedMain] com.sbc.config.security.SecurityConfig   : inside authenticationManagerBean()
2020-05-09 04:38:01.671  INFO 36124 --- [restartedMain] com.sbc.config.security.SecurityConfig   : inside configure(HttpSecurity httpSecurity) method
2020-05-09 04:38:01.684  INFO 36124 --- [restartedMain] com.sbc.config.security.SecurityConfig   : inside getBasicAuthEntryPoint()
2020-05-09 04:38:01.685  INFO 36124 --- [restartedMain] com.sbc.config.security.SecurityConfig   : inside getAccessDeniedHandler()
2020-05-09 04:38:01.688  INFO 36124 --- [restartedMain] com.sbc.config.security.SecurityConfig   : inside configure(WebSecurity web)
2020-05-09 04:38:01.690  INFO 36124 --- [restartedMain] com.sbc.config.security.SecurityConfig   : inside defaultHttpFirewall()
2020-05-09 04:38:01.778  INFO 36124 --- [restartedMain] o.s.s.web.DefaultSecurityFilterChain     : Creating filter chain: any request, [org.springframework.security.web.context.request.async.WebAsyncManagerIntegrationFilter@65e1c32e, org.springframework.security.web.context.SecurityContextPersistenceFilter@25e241e8, org.springframework.security.web.header.HeaderWriterFilter@5b322a93, org.springframework.security.web.authentication.logout.LogoutFilter@442ca409, com.sbc.jwt.JWTRequestFilter@479f8ada, org.springframework.security.web.authentication.www.BasicAuthenticationFilter@2ea6ca89, org.springframework.security.web.savedrequest.RequestCacheAwareFilter@532f8d7a, org.springframework.security.web.servletapi.SecurityContextHolderAwareRequestFilter@71b6e65, org.springframework.security.web.authentication.AnonymousAuthenticationFilter@74dbf978, org.springframework.security.web.session.SessionManagementFilter@32f1e03d, org.springframework.security.web.access.ExceptionTranslationFilter@7f875745, org.springframework.security.web.access.intercept.FilterSecurityInterceptor@27baa038]
2020-05-09 04:38:01.808  INFO 36124 --- [restartedMain] com.sbc.config.security.SecurityConfig   : inside allowUrlEncodedSlashHttpFirewall()
2020-05-09 04:38:02.171  INFO 36124 --- [restartedMain] o.s.s.concurrent.ThreadPoolTaskExecutor  : Initializing ExecutorService 'applicationTaskExecutor'
2020-05-09 04:38:02.334  WARN 36124 --- [restartedMain] aWebConfiguration$JpaWebMvcConfiguration : spring.jpa.open-in-view is enabled by default. Therefore, database queries may be performed during view rendering. Explicitly configure spring.jpa.open-in-view to disable this warning
2020-05-09 04:38:03.385  INFO 36124 --- [restartedMain] o.s.b.d.a.OptionalLiveReloadServer       : LiveReload server is running on port 35729
2020-05-09 04:38:03.492  INFO 36124 --- [restartedMain] o.s.b.w.embedded.tomcat.TomcatWebServer  : Tomcat started on port(s): 8080 (http) with context path ''
2020-05-09 04:38:03.497  INFO 36124 --- [restartedMain] com.sbc.ReactJsResTfulApiApplication     : Started ReactJsResTfulApiApplication in 14.183 seconds (JVM running for 14.893)
